<?xml version="1.0" encoding="UTF-8"?>
<!-- Generated by org.testng.reporters.JUnitXMLReporter -->
<testsuite ignored="0" hostname="BGM" failures="0" tests="2" name="Grid-Chrome-Test" time="6.409" errors="0" timestamp="2026-01-02T14:29:00 IST">
  <testcase classname="testCases.TC_01_AccountRegistration" name="verifyaccountregistration" time="0.001">
    <skipped/>
  </testcase> <!-- verifyaccountregistration -->
  <testcase classname="testCases.TC_02_Login" name="verify_login" time="0.0">
    <skipped/>
  </testcase> <!-- verify_login -->
</testsuite> <!-- Grid-Chrome-Test -->
