<?xml version="1.0" encoding="UTF-8"?>
<testng-results ignored="0" total="2" passed="2" failed="0" skipped="0">
  <reporter-output>
  </reporter-output>
  <suite started-at="2026-01-02T15:25:34 IST" name="Suite" finished-at="2026-01-02T15:25:42 IST" duration-ms="8433">
    <groups>
      <group name="Master">
        <method signature="TC_01_AccountRegistration.verifyaccountregistration()[pri:0, instance:testCases.TC_01_AccountRegistration@67c27493]" name="verifyaccountregistration" class="testCases.TC_01_AccountRegistration"/>
        <method signature="TC_02_Login.verify_login()[pri:0, instance:testCases.TC_02_Login@35e2d654]" name="verify_login" class="testCases.TC_02_Login"/>
      </group> <!-- Master -->
      <group name="regression">
        <method signature="TC_01_AccountRegistration.verifyaccountregistration()[pri:0, instance:testCases.TC_01_AccountRegistration@67c27493]" name="verifyaccountregistration" class="testCases.TC_01_AccountRegistration"/>
      </group> <!-- regression -->
      <group name="sanity">
        <method signature="TC_02_Login.verify_login()[pri:0, instance:testCases.TC_02_Login@35e2d654]" name="verify_login" class="testCases.TC_02_Login"/>
      </group> <!-- sanity -->
    </groups>
    <test started-at="2026-01-02T15:25:34 IST" name="Test" finished-at="2026-01-02T15:25:42 IST" duration-ms="8433">
      <class name="testCases.TC_02_Login">
        <test-method is-config="true" signature="setup(java.lang.String,java.lang.String)[pri:0, instance:testCases.TC_02_Login@35e2d654]" started-at="2026-01-02T15:25:39 IST" name="setup" finished-at="2026-01-02T15:25:41 IST" duration-ms="1745" status="PASS">
          <params>
            <param index="0">
              <value>
                <![CDATA[Windows]]>
              </value>
            </param>
            <param index="1">
              <value>
                <![CDATA[edge]]>
              </value>
            </param>
          </params>
          <reporter-output>
          </reporter-output>
        </test-method> <!-- setup -->
        <test-method signature="verify_login()[pri:0, instance:testCases.TC_02_Login@35e2d654]" started-at="2026-01-02T15:25:41 IST" name="verify_login" finished-at="2026-01-02T15:25:42 IST" duration-ms="1383" status="PASS">
          <reporter-output>
          </reporter-output>
        </test-method> <!-- verify_login -->
        <test-method is-config="true" signature="teardown()[pri:0, instance:testCases.TC_02_Login@35e2d654]" started-at="2026-01-02T15:25:42 IST" name="teardown" finished-at="2026-01-02T15:25:42 IST" duration-ms="290" status="PASS">
          <reporter-output>
          </reporter-output>
        </test-method> <!-- teardown -->
      </class> <!-- testCases.TC_02_Login -->
      <class name="testCases.TC_01_AccountRegistration">
        <test-method is-config="true" signature="setup(java.lang.String,java.lang.String)[pri:0, instance:testCases.TC_01_AccountRegistration@67c27493]" started-at="2026-01-02T15:25:34 IST" name="setup" finished-at="2026-01-02T15:25:37 IST" duration-ms="2621" status="PASS">
          <params>
            <param index="0">
              <value>
                <![CDATA[Windows]]>
              </value>
            </param>
            <param index="1">
              <value>
                <![CDATA[edge]]>
              </value>
            </param>
          </params>
          <reporter-output>
          </reporter-output>
        </test-method> <!-- setup -->
        <test-method signature="verifyaccountregistration()[pri:0, instance:testCases.TC_01_AccountRegistration@67c27493]" started-at="2026-01-02T15:25:37 IST" name="verifyaccountregistration" finished-at="2026-01-02T15:25:39 IST" duration-ms="1926" status="PASS">
          <reporter-output>
          </reporter-output>
        </test-method> <!-- verifyaccountregistration -->
        <test-method is-config="true" signature="teardown()[pri:0, instance:testCases.TC_01_AccountRegistration@67c27493]" started-at="2026-01-02T15:25:39 IST" name="teardown" finished-at="2026-01-02T15:25:39 IST" duration-ms="303" status="PASS">
          <reporter-output>
          </reporter-output>
        </test-method> <!-- teardown -->
      </class> <!-- testCases.TC_01_AccountRegistration -->
    </test> <!-- Test -->
  </suite> <!-- Suite -->
</testng-results>
