<?xml version="1.0" encoding="UTF-8"?>
<!-- Generated by org.testng.reporters.JUnitReportReporter -->
<testsuite hostname="BGM" failures="0" tests="7" name="testCases.TC_03_LoginDDT" time="0.000" errors="1" timestamp="2026-01-02T13:58:36 IST" skipped="6">
  <testcase classname="testCases.TC_03_LoginDDT" name="verify_loginddt" time="0.000">
    <skipped/>
  </testcase> <!-- verify_loginddt -->
  <testcase classname="testCases.TC_03_LoginDDT" name="verify_loginddt" time="0.000">
    <skipped/>
  </testcase> <!-- verify_loginddt -->
  <testcase classname="testCases.TC_03_LoginDDT" name="verify_loginddt" time="0.000">
    <skipped/>
  </testcase> <!-- verify_loginddt -->
  <testcase classname="testCases.TC_03_LoginDDT" name="verify_loginddt" time="0.000">
    <skipped/>
  </testcase> <!-- verify_loginddt -->
  <testcase classname="testCases.TC_03_LoginDDT" name="verify_loginddt" time="0.000">
    <skipped/>
  </testcase> <!-- verify_loginddt -->
  <testcase classname="testCases.TC_03_LoginDDT" name="setup" time="0.000">
    <error message="F:\Workspace\Opencart\src\main\resources\config.properties (The system cannot find the path specified)" type="java.io.FileNotFoundException">
      <![CDATA[java.io.FileNotFoundException: F:\Workspace\Opencart\src\main\resources\config.properties (The system cannot find the path specified)
at java.base/java.io.FileInputStream.open0(Native Method)
at java.base/java.io.FileInputStream.open(FileInputStream.java:185)
at java.base/java.io.FileInputStream.<init>(FileInputStream.java:139)
at java.base/java.io.FileInputStream.<init>(FileInputStream.java:109)
at java.base/java.io.FileReader.<init>(FileReader.java:60)
at testCases.BaseClass.setup(BaseClass.java:36)
at java.base/jdk.internal.reflect.DirectMethodHandleAccessor.invoke(DirectMethodHandleAccessor.java:104)
at java.base/java.lang.reflect.Method.invoke(Method.java:565)
at org.testng.internal.invokers.MethodInvocationHelper.invokeMethod(MethodInvocationHelper.java:141)
at org.testng.internal.invokers.MethodInvocationHelper.invokeMethodConsideringTimeout(MethodInvocationHelper.java:71)
at org.testng.internal.invokers.ConfigInvoker.invokeConfigurationMethod(ConfigInvoker.java:400)
at org.testng.internal.invokers.ConfigInvoker.invokeConfigurations(ConfigInvoker.java:333)
at org.testng.internal.invokers.TestMethodWorker.invokeBeforeClassMethods(TestMethodWorker.java:188)
at org.testng.internal.invokers.TestMethodWorker.run(TestMethodWorker.java:128)
at java.base/java.util.ArrayList.forEach(ArrayList.java:1604)
at org.testng.TestRunner.privateRun(TestRunner.java:741)
at org.testng.TestRunner.run(TestRunner.java:616)
at org.testng.SuiteRunner.runTest(SuiteRunner.java:421)
at org.testng.SuiteRunner$SuiteWorker.run(SuiteRunner.java:463)
at org.testng.internal.thread.ThreadUtil.lambda$execute$0(ThreadUtil.java:64)
at java.base/java.util.concurrent.FutureTask.run(FutureTask.java:328)
at java.base/java.util.concurrent.ThreadPoolExecutor.runWorker(ThreadPoolExecutor.java:1090)
at java.base/java.util.concurrent.ThreadPoolExecutor$Worker.run(ThreadPoolExecutor.java:614)
at java.base/java.lang.Thread.run(Thread.java:1474)
]]>
    </error>
  </testcase> <!-- setup -->
  <testcase classname="testCases.TC_03_LoginDDT" name="verify_loginddt" time="0.000">
    <skipped/>
  </testcase> <!-- verify_loginddt -->
</testsuite> <!-- testCases.TC_03_LoginDDT -->
